#
# A fatal error has been detected by the Java Runtime Environment:
#
#  SIGSEGV (0xb) at pc=0x00007f9710bf1144, pid=16800, tid=16836
#
# JRE version: OpenJDK Runtime Environment (Red_Hat-21.0.5.0.11-1) (21.0.5+11) (build 21.0.5+11)
# Java VM: OpenJDK 64-Bit Server VM (Red_Hat-21.0.5.0.11-1) (21.0.5+11, mixed mode, sharing, tiered, compressed oops, compressed class ptrs, serial gc, linux-amd64)
# Problematic frame:
# V  [libjvm.so+0x5f1144]  ciMethod::method_data_or_null()+0x4
#
# Core dump will be written. Default location: Core dumps may be processed with "/usr/lib/systemd/systemd-coredump %P %u %g %s %t %c %h" (or dumping to /home/uta-dkl6681/Khang Lam/cse3310-sp25-003/checkers/core.16800)
#
# If you would like to submit a bug report, please visit:
#   https://bugzilla.redhat.com/enter_bug.cgi?product=Fedora&component=java-21-openjdk&version=39
#

---------------  S U M M A R Y ------------

Command Line: -Dclassworlds.conf=/usr/share/maven/bin/m2.conf -Dmaven.home=/usr/share/maven -Dlibrary.jansi.path=/usr/share/maven/lib/jansi-native -Dmaven.multiModuleProjectDirectory=/home/uta-dkl6681/Khang Lam/cse3310-sp25-003/checkers org.codehaus.plexus.classworlds.launcher.Launcher test

Host: Intel(R) Core(TM) i9-14900KF, 1 cores, 3G, Fedora release 41 (Forty One)
Time: Sat Apr 12 23:04:06 2025 -03 elapsed time: 0.334458 seconds (0d 0h 0m 0s)

---------------  T H R E A D  ---------------

Current thread (0x00007f970c07bb30):  JavaThread "C1 CompilerThread0" daemon [_thread_in_native, id=16836, stack(0x00007f96b27ff000,0x00007f96b28ff000) (1024K)]


Current CompileTask:
C1:334  281       3       java.lang.String::endsWith (15 bytes)

Stack: [0x00007f96b27ff000,0x00007f96b28ff000],  sp=0x00007f96b28fcca8,  free space=1015k
Native frames: (J=compiled Java code, j=interpreted, Vv=VM code, C=native code)
V  [libjvm.so+0x5f1144]  ciMethod::method_data_or_null()+0x4
V  [libjvm.so+0x53b9e0]  non-virtual thunk to LIRGenerator::block_do(BlockBegin*)+0xe0
V  [libjvm.so+0x51ed5d]  BlockList::iterate_forward(BlockClosure*)+0x3d
V  [libjvm.so+0x4f5296]  Compilation::emit_lir()+0x2b6
V  [libjvm.so+0x4f5e96]  Compilation::compile_java_method()+0x226
V  [libjvm.so+0x4f61b1]  Compilation::compile_method()+0x121
V  [libjvm.so+0x4f658a]  Compilation::Compilation(AbstractCompiler*, ciEnv*, ciMethod*, int, BufferBlob*, bool, DirectiveSet*)+0x20a
V  [libjvm.so+0x4f7499]  Compiler::compile_method(ciEnv*, ciMethod*, int, bool, DirectiveSet*)+0xc9
V  [libjvm.so+0x68c288]  CompileBroker::invoke_compiler_on_method(CompileTask*)+0xae8
V  [libjvm.so+0x68f4a8]  CompileBroker::compiler_thread_loop()+0x678
V  [libjvm.so+0x9530eb]  JavaThread::thread_main_inner() [clone .part.0]+0xcb
V  [libjvm.so+0xfc1f06]  Thread::call_run()+0xb6
V  [libjvm.so+0xd40ae2]  thread_native_entry(Thread*)+0xe2
C  [libc.so.6+0x71148]  start_thread+0x3b8

siginfo: si_signo: 11 (SIGSEGV), si_code: 1 (SEGV_MAPERR), si_addr: 0x0000000000000038

Registers:
RAX=0x0000000000010000, RBX=0x00007f96b28fce00, RCX=0x00007f9710ae9b40, RDX=0x00007f9710b40b40
RSP=0x00007f96b28fcca8, RBP=0x00007f96b28fcd20, RSI=0x00007f967c10eed8, RDI=0x0000000000000000
R8 =0xffffffffffffffff, R9 =0xffffffffffffffff, R10=0x00007f967c11f468, R11=0x0000000020040040
R12=0x00007f967c10eed8, R13=0x00007f9711b4c698, R14=0x00007f96b28fccd0, R15=0x00007f96b28fce00
RIP=0x00007f9710bf1144, EFLAGS=0x0000000000010202, CSGSFS=0x002b000000000033, ERR=0x0000000000000004
  TRAPNO=0x000000000000000e


Register to memory mapping:

RAX=0x0000000000010000 is an unknown value
RBX=0x00007f96b28fce00 is pointing into the stack for thread: 0x00007f970c07bb30
RCX=0x00007f9710ae9b40: <offset 0x00000000004e9b40> in /usr/lib/jvm/java-21-openjdk-21.0.5.0.11-1.fc41.x86_64/lib/server/libjvm.so at 0x00007f9710600000
RDX=0x00007f9710b40b40: <offset 0x0000000000540b40> in /usr/lib/jvm/java-21-openjdk-21.0.5.0.11-1.fc41.x86_64/lib/server/libjvm.so at 0x00007f9710600000
RSP=0x00007f96b28fcca8 is pointing into the stack for thread: 0x00007f970c07bb30
RBP=0x00007f96b28fcd20 is pointing into the stack for thread: 0x00007f970c07bb30
RSI=0x00007f967c10eed8 points into unknown readable memory: 0x00007f9711ae6ce0 | e0 6c ae 11 97 7f 00 00
RDI=0x0 is null
R8 =0xffffffffffffffff is an unknown value
R9 =0xffffffffffffffff is an unknown value
R10=0x00007f967c11f468 points into unknown readable memory: 0x00007f9711a44090 | 90 40 a4 11 97 7f 00 00
R11=0x0000000020040040 is an unknown value
R12=0x00007f967c10eed8 points into unknown readable memory: 0x00007f9711ae6ce0 | e0 6c ae 11 97 7f 00 00
R13=0x00007f9711b4c698: <offset 0x000000000154c698> in /usr/lib/jvm/java-21-openjdk-21.0.5.0.11-1.fc41.x86_64/lib/server/libjvm.so at 0x00007f9710600000
R14=0x00007f96b28fccd0 is pointing into the stack for thread: 0x00007f970c07bb30
R15=0x00007f96b28fce00 is pointing into the stack for thread: 0x00007f970c07bb30

Top of Stack: (sp=0x00007f96b28fcca8)
0x00007f96b28fcca8:   00007f9710b4103a ffffffffffffffff
0x00007f96b28fccb8:   00000008000fffff 00007f967c10eaa0
0x00007f96b28fccc8:   00007f96b28fce00 000000000001400b
0x00007f96b28fccd8:   0000000000000000 ffffffffffffffff
0x00007f96b28fcce8:   ea79576887bd5b00 00007f967c11f990
0x00007f96b28fccf8:   00007f967c10eed8 00007f96b28fce08
0x00007f96b28fcd08:   00007f96b28fd140 0000000000000000
0x00007f96b28fcd18:   00007f96b28fce00 00007f96b28fcd60
0x00007f96b28fcd28:   00007f9710b3b9e0 00007f970c079e90
0x00007f96b28fcd38:   0000000000000030 00007f96b28fce08
0x00007f96b28fcd48:   0000000000000058 00007f967c11ab50
0x00007f96b28fcd58:   00007f9711b5c229 00007f96b28fcd90
0x00007f96b28fcd68:   00007f9710b1ed5d 00007f96b28fd140
0x00007f96b28fcd78:   00007f96b28fcdb0 00007f97117eebcf
0x00007f96b28fcd88:   00007f9711b5c229 00007f96b28fcf30
0x00007f96b28fcd98:   00007f9710af5296 00007f9711aeafc0
0x00007f96b28fcda8:   00007f9711aeb150 00007f967c110000
0x00007f96b28fcdb8:   0000000000000000 00007f9711a48c98
0x00007f96b28fcdc8:   00007f96b28fcd00 0000000000000000
0x00007f96b28fcdd8:   00007f97117eebcf 0000000000000000
0x00007f96b28fcde8:   0000000000000000 00007f960000000a
0x00007f96b28fcdf8:   00007f96b28fcee0 00007f9711aeafc0
0x00007f96b28fce08:   00007f9711aeb150 00007f96b28fd140
0x00007f96b28fce18:   000055aaa931df80 0000000200000000
0x00007f96b28fce28:   00007f967c11b9c8 0000000000000000
0x00007f96b28fce38:   0000000200000000 00007f967c11b9d8
0x00007f96b28fce48:   0000000000000000 0000000200000000
0x00007f96b28fce58:   00007f967c11b9e8 0000000000000000
0x00007f96b28fce68:   00007f967c10d1d0 00007f9600000257
0x00007f96b28fce78:   0000040000000257 00007f967c11bb40
0x00007f96b28fce88:   0000000000000000 00007f967c11f2a8
0x00007f96b28fce98:   0000000000000df0 0000000000000003 

Instructions: (pc=0x00007f9710bf1144)
0x00007f9710bf1044:   95 c0 01 c0 41 89 07 e9 2e ff ff ff 31 c9 eb c9
0x00007f9710bf1054:   66 66 2e 0f 1f 84 00 00 00 00 00 90 f3 0f 1e fa
0x00007f9710bf1064:   55 48 89 e5 41 54 53 89 f3 48 83 ec 10 85 f6 7e
0x00007f9710bf1074:   6b 48 8b 47 38 49 89 fc 48 85 c0 74 6f 8b 50 50
0x00007f9710bf1084:   b8 01 00 00 00 85 d2 7e 48 66 0f ef d2 41 8b 44
0x00007f9710bf1094:   24 5c 66 0f ef c9 f3 0f 5a c0 f2 0f 2a d3 39 c2
0x00007f9710bf10a4:   0f 4d c2 f2 0f 59 c2 f2 0f 2a c8 f2 0f 59 c8 66
0x00007f9710bf10b4:   0f ef c0 f2 0f 2a c2 ba 01 00 00 00 f2 0f 5e c8
0x00007f9710bf10c4:   f2 0f 58 0d a4 23 ba 00 f2 0f 2c c1 85 c0 0f 4e
0x00007f9710bf10d4:   c2 48 83 c4 10 5b 41 5c 5d c3 66 90 48 83 c4 10
0x00007f9710bf10e4:   89 d8 5b 41 5c 5d c3 0f 1f 44 00 00 f3 0f 11 45
0x00007f9710bf10f4:   ec e8 a6 f3 ff ff 48 85 c0 74 e1 49 8b 44 24 38
0x00007f9710bf1104:   f3 0f 10 45 ec 48 85 c0 0f 85 6f ff ff ff 4c 89
0x00007f9710bf1114:   e7 e8 86 f3 ff ff f3 0f 10 45 ec 8b 50 50 b8 01
0x00007f9710bf1124:   00 00 00 85 d2 0f 8f 5e ff ff ff eb a4 90 66 66
0x00007f9710bf1134:   2e 0f 1f 84 00 00 00 00 00 0f 1f 00 f3 0f 1e fa
0x00007f9710bf1144:   48 8b 47 38 48 85 c0 74 0b 80 78 2c 00 74 25 c3
0x00007f9710bf1154:   0f 1f 40 00 55 48 89 e5 e8 3f f3 ff ff 80 78 2c
0x00007f9710bf1164:   00 74 09 5d c3 0f 1f 80 00 00 00 00 31 c0 5d c3
0x00007f9710bf1174:   0f 1f 40 00 31 c0 c3 90 0f 1f 40 00 f3 0f 1e fa
0x00007f9710bf1184:   55 48 89 e5 41 57 41 56 41 55 49 89 fd 41 54 41
0x00007f9710bf1194:   89 d4 53 48 83 ec 78 89 b5 6c ff ff ff 64 48 8b
0x00007f9710bf11a4:   04 25 28 00 00 00 48 89 45 c8 31 c0 66 48 8d 3d
0x00007f9710bf11b4:   c0 4d f2 00 66 66 48 e8 d0 23 cb ff 48 8b 18 48
0x00007f9710bf11c4:   8d 05 16 af f6 00 80 38 00 c7 83 44 04 00 00 06
0x00007f9710bf11d4:   00 00 00 75 05 f0 83 04 24 00 48 8b 83 48 04 00
0x00007f9710bf11e4:   00 a8 01 0f 85 73 01 00 00 8b 83 40 04 00 00 a8
0x00007f9710bf11f4:   0c 0f 85 55 01 00 00 4c 8d b5 78 ff ff ff 48 89
0x00007f9710bf1204:   de 4c 8d 7d 90 c7 83 44 04 00 00 06 00 00 00 4c
0x00007f9710bf1214:   89 f7 e8 05 d3 1a 00 48 89 de 4c 89 ff e8 0a 3a
0x00007f9710bf1224:   2d 00 49 8b 45 10 66 48 0f 6e cb 48 8b 40 08 4c
0x00007f9710bf1234:   8b 68 08 66 49 0f 6e c5 66 0f 6c c1 0f 29 45 80 


Stack slot to memory mapping:

stack at sp + 0 slots: 0x00007f9710b4103a: <offset 0x000000000054103a> in /usr/lib/jvm/java-21-openjdk-21.0.5.0.11-1.fc41.x86_64/lib/server/libjvm.so at 0x00007f9710600000
stack at sp + 1 slots: 0xffffffffffffffff is an unknown value
stack at sp + 2 slots: 0x00000008000fffff is an unknown value
stack at sp + 3 slots: 0x00007f967c10eaa0 points into unknown readable memory: 0x00007f9711ae7918 | 18 79 ae 11 97 7f 00 00
stack at sp + 4 slots: 0x00007f96b28fce00 is pointing into the stack for thread: 0x00007f970c07bb30
stack at sp + 5 slots: 0x000000000001400b is an unknown value
stack at sp + 6 slots: 0x0 is null
stack at sp + 7 slots: 0xffffffffffffffff is an unknown value


---------------  P R O C E S S  ---------------

Threads class SMR info:
_java_thread_list=0x00007f968c003690, length=10, elements={
0x00007f970c02b250, 0x00007f970c073080, 0x00007f970c0746d0, 0x00007f970c075e50,
0x00007f970c077450, 0x00007f970c0789b0, 0x00007f970c07a4b0, 0x00007f970c07bb30,
0x00007f970c0876e0, 0x00007f970c08a1c0
}

Java Threads: ( => current thread )
  0x00007f970c02b250 JavaThread "main"                              [_thread_in_native, id=16827, stack(0x00007f9710500000,0x00007f9710600000) (1024K)]
  0x00007f970c073080 JavaThread "Reference Handler"          daemon [_thread_blocked, id=16830, stack(0x00007f96b2dff000,0x00007f96b2eff000) (1024K)]
  0x00007f970c0746d0 JavaThread "Finalizer"                  daemon [_thread_blocked, id=16831, stack(0x00007f96b2cff000,0x00007f96b2dff000) (1024K)]
  0x00007f970c075e50 JavaThread "Signal Dispatcher"          daemon [_thread_blocked, id=16832, stack(0x00007f96b2bff000,0x00007f96b2cff000) (1024K)]
  0x00007f970c077450 JavaThread "Service Thread"             daemon [_thread_blocked, id=16833, stack(0x00007f96b2aff000,0x00007f96b2bff000) (1024K)]
  0x00007f970c0789b0 JavaThread "Monitor Deflation Thread"   daemon [_thread_blocked, id=16834, stack(0x00007f96b29ff000,0x00007f96b2aff000) (1024K)]
  0x00007f970c07a4b0 JavaThread "C2 CompilerThread0"         daemon [_thread_blocked, id=16835, stack(0x00007f96b28ff000,0x00007f96b29ff000) (1024K)]
=>0x00007f970c07bb30 JavaThread "C1 CompilerThread0"         daemon [_thread_in_native, id=16836, stack(0x00007f96b27ff000,0x00007f96b28ff000) (1024K)]
  0x00007f970c0876e0 JavaThread "Notification Thread"        daemon [_thread_blocked, id=16837, stack(0x00007f96b26ff000,0x00007f96b27ff000) (1024K)]
  0x00007f970c08a1c0 JavaThread "Common-Cleaner"             daemon [_thread_blocked, id=16838, stack(0x00007f96b25ff000,0x00007f96b26ff000) (1024K)]
Total: 10

Other Threads:
  0x00007f970c069fa0 VMThread "VM Thread"                           [id=16829, stack(0x00007f96b2f00000,0x00007f96b3000000) (1024K)]
  0x00007f970c0590f0 WatcherThread "VM Periodic Task Thread"        [id=16828, stack(0x00007f96f4100000,0x00007f96f4200000) (1024K)]
Total: 2

Threads with active compile tasks:
C1 CompilerThread0  365  281       3       java.lang.String::endsWith (15 bytes)
Total: 1

VM state: not at safepoint (normal execution)

VM Mutex/Monitor currently owned by a thread: None

Heap address: 0x00000000c2e00000, size: 978 MB, Compressed Oops mode: 32-bit

CDS archive(s) mapped at: [0x00007f96b3000000-0x00007f96b3c99000-0x00007f96b3c99000), size 13209600, SharedBaseAddress: 0x00007f96b3000000, ArchiveRelocationMode: 1.
Compressed class space mapped at: 0x00007f96b4000000-0x00007f96f4000000, reserved size: 1073741824
Narrow klass base: 0x00007f96b3000000, Narrow klass shift: 0, Narrow klass range: 0x100000000

GC Precious Log:
 CardTable entry size: 512
 CPUs: 1 total, 1 available
 Memory: 3905M
 Large Page Support: Disabled
 NUMA Support: Disabled
 Compressed Oops: Enabled (32-bit)
 Heap Min Capacity: 8M
 Heap Initial Capacity: 62M
 Heap Max Capacity: 978M
 Pre-touch: Disabled

Heap:
 def new generation   total 19008K, used 5415K [0x00000000c2e00000, 0x00000000c42a0000, 0x00000000d7400000)
  eden space 16896K,  32% used [0x00000000c2e00000, 0x00000000c3349db8, 0x00000000c3e80000)
  from space 2112K,   0% used [0x00000000c3e80000, 0x00000000c3e80000, 0x00000000c4090000)
  to   space 2112K,   0% used [0x00000000c4090000, 0x00000000c4090000, 0x00000000c42a0000)
 tenured generation   total 42368K, used 1075K [0x00000000d7400000, 0x00000000d9d60000, 0x0000000100000000)
   the space 42368K,   2% used [0x00000000d7400000, 0x00000000d750ccd8, 0x00000000d750ce00, 0x00000000d9d60000)
 Metaspace       used 1454K, committed 1664K, reserved 1114112K
  class space    used 129K, committed 256K, reserved 1048576K

Card table byte_map: [0x00007f9710140000,0x00007f971032a000] _byte_map_base: 0x00007f970fb29000

Polling page: 0x00007f9711f44000

Metaspace:

Usage:
  Non-class:      1.29 MB used.
      Class:    129.89 KB used.
       Both:      1.42 MB used.

Virtual space:
  Non-class space:       64.00 MB reserved,       1.38 MB (  2%) committed,  1 nodes.
      Class space:        1.00 GB reserved,     256.00 KB ( <1%) committed,  1 nodes.
             Both:        1.06 GB reserved,       1.62 MB ( <1%) committed. 

Chunk freelists:
   Non-Class:  11.53 MB
       Class:  15.67 MB
        Both:  27.20 MB

MaxMetaspaceSize: unlimited
CompressedClassSpaceSize: 1.00 GB
Initial GC threshold: 21.00 MB
Current GC threshold: 21.00 MB
CDS: on
 - commit_granule_bytes: 65536.
 - commit_granule_words: 8192.
 - virtual_space_node_default_size: 8388608.
 - enlarge_chunks_in_place: 1.
 - use_allocation_guard: 0.


Internal statistics:

num_allocs_failed_limit: 0.
num_arena_births: 26.
num_arena_deaths: 0.
num_vsnodes_births: 2.
num_vsnodes_deaths: 0.
num_space_committed: 26.
num_space_uncommitted: 0.
num_chunks_returned_to_freelist: 0.
num_chunks_taken_from_freelist: 55.
num_chunk_merges: 0.
num_chunk_splits: 37.
num_chunks_enlarged: 28.
num_inconsistent_stats: 0.

CodeHeap 'non-profiled nmethods': size=120036Kb used=99Kb max_used=99Kb free=119936Kb
 bounds [0x00007f96fbcc7000, 0x00007f96fbf37000, 0x00007f9703200000]
CodeHeap 'profiled nmethods': size=120032Kb used=354Kb max_used=354Kb free=119677Kb
 bounds [0x00007f96f4200000, 0x00007f96f4470000, 0x00007f96fb738000]
CodeHeap 'non-nmethods': size=5692Kb used=1145Kb max_used=1159Kb free=4546Kb
 bounds [0x00007f96fb738000, 0x00007f96fb9a8000, 0x00007f96fbcc7000]
 total_blobs=691 nmethods=285 adapters=315
 compilation: enabled
              stopped_count=0, restarted_count=0
 full_count=0

Compilation events (20 events):
Event: 0.302 Thread 0x00007f970c07bb30 nmethod 266 0x00007f96f4254610 code [0x00007f96f4254800, 0x00007f96f4254c38]
Event: 0.302 Thread 0x00007f970c07bb30  262       3       jdk.internal.util.ReferencedKeyMap::getNoCheckStale (22 bytes)
Event: 0.302 Thread 0x00007f970c07bb30 nmethod 262 0x00007f96f4254e10 code [0x00007f96f4255000, 0x00007f96f42554d8]
Event: 0.302 Thread 0x00007f970c07bb30  261       3       jdk.internal.util.ReferencedKeyMap::get (10 bytes)
Event: 0.302 Thread 0x00007f970c07bb30 nmethod 261 0x00007f96f4255690 code [0x00007f96f42558c0, 0x00007f96f42560b8]
Event: 0.303 Thread 0x00007f970c07bb30  272       1       java.security.CodeSource::getLocationNoFragString (5 bytes)
Event: 0.303 Thread 0x00007f970c07bb30 nmethod 272 0x00007f96fbcde390 code [0x00007f96fbcde520, 0x00007f96fbcde5e0]
Event: 0.309 Thread 0x00007f970c07bb30  279       3       java.lang.StringLatin1::indexOf (37 bytes)
Event: 0.309 Thread 0x00007f970c07bb30 nmethod 279 0x00007f96f4256390 code [0x00007f96f4256560, 0x00007f96f4256930]
Event: 0.309 Thread 0x00007f970c07bb30  275       3       java.lang.ClassLoader::checkName (37 bytes)
Event: 0.310 Thread 0x00007f970c07bb30 nmethod 275 0x00007f96f4256a90 code [0x00007f96f4256cc0, 0x00007f96f42574b0]
Event: 0.310 Thread 0x00007f970c07bb30  276       3       java.lang.StringConcatHelper::stringOf (20 bytes)
Event: 0.310 Thread 0x00007f970c07bb30 nmethod 276 0x00007f96f4257810 code [0x00007f96f42579c0, 0x00007f96f4257be8]
Event: 0.310 Thread 0x00007f970c07bb30  277       3       java.lang.StringConcatHelper::mix (27 bytes)
Event: 0.310 Thread 0x00007f970c07bb30 nmethod 277 0x00007f96f4257c90 code [0x00007f96f4257e60, 0x00007f96f4258240]
Event: 0.310 Thread 0x00007f970c07bb30  278       3       java.lang.StringConcatHelper::checkOverflow (17 bytes)
Event: 0.310 Thread 0x00007f970c07bb30 nmethod 278 0x00007f96f4258410 code [0x00007f96f42585c0, 0x00007f96f4258788]
Event: 0.310 Thread 0x00007f970c07bb30  273       3       sun.net.util.IPAddressUtil::earlyURLParsing (12 bytes)
Event: 0.310 Thread 0x00007f970c07bb30 nmethod 273 0x00007f96f4258890 code [0x00007f96f4258a20, 0x00007f96f4258b28]
Event: 0.310 Thread 0x00007f970c07bb30  281       3       java.lang.String::endsWith (15 bytes)

GC Heap History (0 events):
No events

Dll operation events (7 events):
Event: 0.001 Loaded shared library /usr/lib/jvm/java-21-openjdk-21.0.5.0.11-1.fc41.x86_64/lib/libjava.so
Event: 0.060 Loaded shared library /usr/lib/jvm/java-21-openjdk-21.0.5.0.11-1.fc41.x86_64/lib/libjsvml.so
Event: 0.082 Loaded shared library /usr/lib/jvm/java-21-openjdk-21.0.5.0.11-1.fc41.x86_64/lib/libnio.so
Event: 0.084 Loaded shared library /usr/lib/jvm/java-21-openjdk-21.0.5.0.11-1.fc41.x86_64/lib/libzip.so
Event: 0.105 Loaded shared library /usr/lib/jvm/java-21-openjdk-21.0.5.0.11-1.fc41.x86_64/lib/libnet.so
Event: 0.230 Loaded shared library /usr/lib/jvm/java-21-openjdk-21.0.5.0.11-1.fc41.x86_64/lib/libsystemconf.so
Event: 0.300 Loaded shared library /usr/lib/jansi/libjansi.so

Deoptimization events (12 events):
Event: 0.238 Thread 0x00007f970c02b250 DEOPT PACKING pc=0x00007f96f4213a68 sp=0x00007f97105f9600
Event: 0.238 Thread 0x00007f970c02b250 DEOPT UNPACKING pc=0x00007f96fb78bb10 sp=0x00007f97105f8a90 mode 0
Event: 0.238 Thread 0x00007f970c02b250 DEOPT PACKING pc=0x00007f96f4213a68 sp=0x00007f97105f9600
Event: 0.238 Thread 0x00007f970c02b250 DEOPT UNPACKING pc=0x00007f96fb78bb10 sp=0x00007f97105f8a90 mode 0
Event: 0.238 Thread 0x00007f970c02b250 DEOPT PACKING pc=0x00007f96f4213a68 sp=0x00007f97105f9600
Event: 0.238 Thread 0x00007f970c02b250 DEOPT UNPACKING pc=0x00007f96fb78bb10 sp=0x00007f97105f8a90 mode 0
Event: 0.301 Thread 0x00007f970c02b250 Uncommon trap: trap_request=0xffffff45 fr.pc=0x00007f96fbcd3880 relative=0x0000000000000160
Event: 0.301 Thread 0x00007f970c02b250 Uncommon trap: reason=unstable_if action=reinterpret pc=0x00007f96fbcd3880 method=jdk.internal.util.ArraysSupport.vectorizedHashCode(Ljava/lang/Object;IIII)I @ 2 c2
Event: 0.301 Thread 0x00007f970c02b250 DEOPT PACKING pc=0x00007f96fbcd3880 sp=0x00007f97105fd760
Event: 0.301 Thread 0x00007f970c02b250 DEOPT UNPACKING pc=0x00007f96fb78b393 sp=0x00007f97105fd730 mode 2
Event: 0.304 Thread 0x00007f970c02b250 DEOPT PACKING pc=0x00007f96f4207948 sp=0x00007f97105fd0a0
Event: 0.304 Thread 0x00007f970c02b250 DEOPT UNPACKING pc=0x00007f96fb78bb10 sp=0x00007f97105fc4e0 mode 0

Classes loaded (20 events):
Event: 0.300 Loading class jdk/internal/loader/NativeLibraries$Unloader
Event: 0.300 Loading class jdk/internal/loader/NativeLibraries$Unloader done
Event: 0.300 Loading class java/lang/ProcessEnvironment
Event: 0.300 Loading class java/lang/ProcessEnvironment done
Event: 0.300 Loading class java/lang/ProcessEnvironment$Variable
Event: 0.300 Loading class java/lang/ProcessEnvironment$ExternalData
Event: 0.300 Loading class java/lang/ProcessEnvironment$ExternalData done
Event: 0.300 Loading class java/lang/ProcessEnvironment$Variable done
Event: 0.300 Loading class java/lang/ProcessImpl
Event: 0.300 Loading class java/lang/Process
Event: 0.301 Loading class java/lang/Process done
Event: 0.301 Loading class java/lang/ProcessImpl done
Event: 0.301 Loading class java/lang/ProcessImpl$LaunchMechanism
Event: 0.301 Loading class java/lang/ProcessImpl$LaunchMechanism done
Event: 0.301 Loading class java/lang/ProcessEnvironment$Value
Event: 0.301 Loading class java/lang/ProcessEnvironment$Value done
Event: 0.301 Loading class java/lang/ProcessEnvironment$StringEnvironment
Event: 0.301 Loading class java/lang/ProcessEnvironment$StringEnvironment done
Event: 0.304 Loading class java/lang/Thread$ThreadNumbering
Event: 0.304 Loading class java/lang/Thread$ThreadNumbering done

Classes unloaded (0 events):
No events

Classes redefined (0 events):
No events

Internal exceptions (11 events):
Event: 0.167 Thread 0x00007f970c02b250 Exception <a 'java/lang/NoSuchMethodError'{0x00000000c2f796e0}: 'int java.lang.invoke.DirectMethodHandle$Holder.invokeSpecial(java.lang.Object, java.lang.Object, java.lang.Object)'> (0x00000000c2f796e0) 
thrown [src/hotspot/share/interpreter/linkResolver.cpp, line 772]
Event: 0.276 Thread 0x00007f970c02b250 Exception <a 'java/lang/NoSuchMethodError'{0x00000000c31bb150}: 'java.lang.Object java.lang.invoke.Invokers$Holder.invokeExact_MT(java.lang.Object, java.lang.Object, java.lang.Object, java.lang.Object, java.lang.Object)'> (0x00000000c31bb150) 
thrown [src/hotspot/share/interpreter/linkResolver.cpp, line 772]
Event: 0.289 Thread 0x00007f970c02b250 Exception <a 'java/lang/NullPointerException'{0x00000000c320ea50}> (0x00000000c320ea50) 
thrown [src/hotspot/share/interpreter/linkResolver.cpp, line 1372]
Event: 0.303 Thread 0x00007f970c02b250 Exception <a 'java/lang/NullPointerException'{0x00000000c3232598}> (0x00000000c3232598) 
thrown [src/hotspot/share/interpreter/linkResolver.cpp, line 1372]
Event: 0.303 Thread 0x00007f970c02b250 Exception <a 'java/lang/NullPointerException'{0x00000000c3232878}> (0x00000000c3232878) 
thrown [src/hotspot/share/interpreter/linkResolver.cpp, line 1372]
Event: 0.303 Thread 0x00007f970c02b250 Exception <a 'java/lang/NullPointerException'{0x00000000c3232b58}> (0x00000000c3232b58) 
thrown [src/hotspot/share/interpreter/linkResolver.cpp, line 1372]
Event: 0.304 Thread 0x00007f970c02b250 Exception <a 'java/lang/NullPointerException'{0x00000000c32380b0}> (0x00000000c32380b0) 
thrown [src/hotspot/share/interpreter/linkResolver.cpp, line 1372]
Event: 0.304 Thread 0x00007f970c02b250 Exception <a 'java/lang/NullPointerException'{0x00000000c3247718}> (0x00000000c3247718) 
thrown [src/hotspot/share/interpreter/linkResolver.cpp, line 1372]
Event: 0.304 Thread 0x00007f970c02b250 Exception <a 'java/lang/NullPointerException'{0x00000000c32479f8}> (0x00000000c32479f8) 
thrown [src/hotspot/share/interpreter/linkResolver.cpp, line 1372]
Event: 0.304 Thread 0x00007f970c02b250 Exception <a 'java/lang/NullPointerException'{0x00000000c3247cd8}> (0x00000000c3247cd8) 
thrown [src/hotspot/share/interpreter/linkResolver.cpp, line 1372]
Event: 0.304 Thread 0x00007f970c02b250 Exception <a 'java/lang/NullPointerException'{0x00000000c3247ff0}> (0x00000000c3247ff0) 
thrown [src/hotspot/share/interpreter/linkResolver.cpp, line 1372]

ZGC Phase Switch (0 events):
No events

VM Operations (0 events):
No events

Memory protections (11 events):
Event: 0.000 Protecting memory [0x00007f9710500000,0x00007f9710504000] with protection modes 0
Event: 0.052 Protecting memory [0x00007f96b2dff000,0x00007f96b2e03000] with protection modes 0
Event: 0.059 Protecting memory [0x00007f96b2cff000,0x00007f96b2d03000] with protection modes 0
Event: 0.059 Protecting memory [0x00007f96b2aff000,0x00007f96b2b03000] with protection modes 0
Event: 0.060 Protecting memory [0x00007f96b29ff000,0x00007f96b2a03000] with protection modes 0
Event: 0.060 Protecting memory [0x00007f96b28ff000,0x00007f96b2903000] with protection modes 0
Event: 0.061 Protecting memory [0x00007f96b2bff000,0x00007f96b2c03000] with protection modes 0
Event: 0.062 Protecting memory [0x00007f96b27ff000,0x00007f96b2803000] with protection modes 0
Event: 0.063 Protecting memory [0x00007f96b26ff000,0x00007f96b2703000] with protection modes 0
Event: 0.083 Protecting memory [0x00007f96b25ff000,0x00007f96b2603000] with protection modes 0
Event: 0.301 Protecting memory [0x00007f96b2383000,0x00007f96b2387000] with protection modes 0

Nmethod flushes (0 events):
No events

Events (11 events):
Event: 0.030 Thread 0x00007f970c02b250 Thread added: 0x00007f970c02b250
Event: 0.052 Thread 0x00007f970c02b250 Thread added: 0x00007f970c073080
Event: 0.059 Thread 0x00007f970c02b250 Thread added: 0x00007f970c0746d0
Event: 0.059 Thread 0x00007f970c02b250 Thread added: 0x00007f970c075e50
Event: 0.059 Thread 0x00007f970c02b250 Thread added: 0x00007f970c077450
Event: 0.059 Thread 0x00007f970c02b250 Thread added: 0x00007f970c0789b0
Event: 0.060 Thread 0x00007f970c02b250 Thread added: 0x00007f970c07a4b0
Event: 0.061 Thread 0x00007f970c02b250 Thread added: 0x00007f970c07bb30
Event: 0.063 Thread 0x00007f970c02b250 Thread added: 0x00007f970c0876e0
Event: 0.082 Thread 0x00007f970c02b250 Thread added: 0x00007f970c08a1c0
Event: 0.300 Thread 0x00007f970c02b250 Thread added: 0x00007f970c2a6350


Dynamic libraries:
c2e00000-c42a0000 rw-p 00000000 00:00 0 
c42a0000-d7400000 ---p 00000000 00:00 0 
d7400000-d9d60000 rw-p 00000000 00:00 0 
d9d60000-100000000 ---p 00000000 00:00 0 
55aaa37f5000-55aaa37f6000 r--p 00000000 00:26 312334                     /usr/lib/jvm/java-21-openjdk-21.0.5.0.11-1.fc41.x86_64/bin/java
55aaa37f6000-55aaa37f7000 r-xp 00001000 00:26 312334                     /usr/lib/jvm/java-21-openjdk-21.0.5.0.11-1.fc41.x86_64/bin/java
55aaa37f7000-55aaa37f8000 r--p 00002000 00:26 312334                     /usr/lib/jvm/java-21-openjdk-21.0.5.0.11-1.fc41.x86_64/bin/java
55aaa37f8000-55aaa37f9000 r--p 00002000 00:26 312334                     /usr/lib/jvm/java-21-openjdk-21.0.5.0.11-1.fc41.x86_64/bin/java
55aaa37f9000-55aaa37fa000 rw-p 00003000 00:26 312334                     /usr/lib/jvm/java-21-openjdk-21.0.5.0.11-1.fc41.x86_64/bin/java
55aaa92b7000-55aaa9385000 rw-p 00000000 00:00 0                          [heap]
7f967c000000-7f967c1bb000 rw-p 00000000 00:00 0 
7f967c1bb000-7f9680000000 ---p 00000000 00:00 0 
7f9684000000-7f9684021000 rw-p 00000000 00:00 0 
7f9684021000-7f9688000000 ---p 00000000 00:00 0 
7f9688000000-7f9688021000 rw-p 00000000 00:00 0 
7f9688021000-7f968c000000 ---p 00000000 00:00 0 
7f968c000000-7f968c021000 rw-p 00000000 00:00 0 
7f968c021000-7f9690000000 ---p 00000000 00:00 0 
7f9692200000-7f969ff97000 r--p 00000000 00:26 200285                     /usr/lib/locale/locale-archive
7f96a0000000-7f96a0021000 rw-p 00000000 00:00 0 
7f96a0021000-7f96a4000000 ---p 00000000 00:00 0 
7f96a4000000-7f96a4021000 rw-p 00000000 00:00 0 
7f96a4021000-7f96a8000000 ---p 00000000 00:00 0 
7f96a8000000-7f96a80e0000 rw-p 00000000 00:00 0 
7f96a80e0000-7f96a8400000 ---p 00000000 00:00 0 
7f96a8400000-7f96a8480000 rw-p 00000000 00:00 0 
7f96a8480000-7f96ac000000 ---p 00000000 00:00 0 
7f96ac000000-7f96ac021000 rw-p 00000000 00:00 0 
7f96ac021000-7f96b0000000 ---p 00000000 00:00 0 
7f96b1e9c000-7f96b2383000 rw-p 00000000 00:00 0 
7f96b2383000-7f96b2387000 ---p 00000000 00:00 0 
7f96b2387000-7f96b2483000 rw-p 00000000 00:00 0 
7f96b2483000-7f96b24ab000 r-xp 00000000 00:26 247376                     /usr/lib64/libnspr4.so
7f96b24ab000-7f96b24bf000 r--p 00028000 00:26 247376                     /usr/lib64/libnspr4.so
7f96b24bf000-7f96b24c1000 r--p 0003b000 00:26 247376                     /usr/lib64/libnspr4.so
7f96b24c1000-7f96b24c2000 rw-p 0003d000 00:26 247376                     /usr/lib64/libnspr4.so
7f96b24c2000-7f96b24c5000 rw-p 00000000 00:00 0 
7f96b24c5000-7f96b25ac000 r-xp 00000000 00:26 311965                     /usr/lib64/libnss3.so
7f96b25ac000-7f96b25f5000 r--p 000e7000 00:26 311965                     /usr/lib64/libnss3.so
7f96b25f5000-7f96b25fc000 r--p 00130000 00:26 311965                     /usr/lib64/libnss3.so
7f96b25fc000-7f96b25fd000 rw-p 00137000 00:26 311965                     /usr/lib64/libnss3.so
7f96b25fd000-7f96b25ff000 rw-p 00000000 00:00 0 
7f96b25ff000-7f96b2603000 ---p 00000000 00:00 0 
7f96b2603000-7f96b26ff000 rw-p 00000000 00:00 0 
7f96b26ff000-7f96b2703000 ---p 00000000 00:00 0 
7f96b2703000-7f96b27ff000 rw-p 00000000 00:00 0 
7f96b27ff000-7f96b2803000 ---p 00000000 00:00 0 
7f96b2803000-7f96b28ff000 rw-p 00000000 00:00 0 
7f96b28ff000-7f96b2903000 ---p 00000000 00:00 0 
7f96b2903000-7f96b29ff000 rw-p 00000000 00:00 0 
7f96b29ff000-7f96b2a03000 ---p 00000000 00:00 0 
7f96b2a03000-7f96b2aff000 rw-p 00000000 00:00 0 
7f96b2aff000-7f96b2b03000 ---p 00000000 00:00 0 
7f96b2b03000-7f96b2bff000 rw-p 00000000 00:00 0 
7f96b2bff000-7f96b2c03000 ---p 00000000 00:00 0 
7f96b2c03000-7f96b2cff000 rw-p 00000000 00:00 0 
7f96b2cff000-7f96b2d03000 ---p 00000000 00:00 0 
7f96b2d03000-7f96b2dff000 rw-p 00000000 00:00 0 
7f96b2dff000-7f96b2e03000 ---p 00000000 00:00 0 
7f96b2e03000-7f96b2eff000 rw-p 00000000 00:00 0 
7f96b2eff000-7f96b2f00000 ---p 00000000 00:00 0 
7f96b2f00000-7f96b3000000 rw-p 00000000 00:00 0 
7f96b3000000-7f96b3c99000 rw-p 00001000 00:26 312700                     /usr/lib/jvm/java-21-openjdk-21.0.5.0.11-1.fc41.x86_64/lib/server/classes.jsa
7f96b3c99000-7f96b4000000 ---p 00000000 00:00 0 
7f96b4000000-7f96b4020000 rw-p 00000000 00:00 0 
7f96b4020000-7f96b4040000 ---p 00000000 00:00 0 
7f96b4040000-7f96b4060000 rw-p 00000000 00:00 0 
7f96b4060000-7f96f4000000 ---p 00000000 00:00 0 
7f96f402e000-7f96f4033000 r--p 00000000 00:26 312678                     /usr/lib/jvm/java-21-openjdk-21.0.5.0.11-1.fc41.x86_64/lib/libjsvml.so
7f96f4033000-7f96f4074000 r-xp 00005000 00:26 312678                     /usr/lib/jvm/java-21-openjdk-21.0.5.0.11-1.fc41.x86_64/lib/libjsvml.so
7f96f4074000-7f96f40fd000 r--p 00046000 00:26 312678                     /usr/lib/jvm/java-21-openjdk-21.0.5.0.11-1.fc41.x86_64/lib/libjsvml.so
7f96f40fd000-7f96f40fe000 r--p 000ce000 00:26 312678                     /usr/lib/jvm/java-21-openjdk-21.0.5.0.11-1.fc41.x86_64/lib/libjsvml.so
7f96f40fe000-7f96f40ff000 rw-p 000cf000 00:26 312678                     /usr/lib/jvm/java-21-openjdk-21.0.5.0.11-1.fc41.x86_64/lib/libjsvml.so
7f96f40ff000-7f96f4100000 ---p 00000000 00:00 0 
7f96f4100000-7f96f4200000 rw-p 00000000 00:00 0 
7f96f4200000-7f96f4470000 rwxp 00000000 00:00 0 
7f96f4470000-7f96fb738000 ---p 00000000 00:00 0 
7f96fb738000-7f96fb9a8000 rwxp 00000000 00:00 0 
7f96fb9a8000-7f96fbcc7000 ---p 00000000 00:00 0 
7f96fbcc7000-7f96fbf37000 rwxp 00000000 00:00 0 
7f96fbf37000-7f9703200000 ---p 00000000 00:00 0 
7f9703200000-7f970be7c000 r--s 00000000 00:26 312695                     /usr/lib/jvm/java-21-openjdk-21.0.5.0.11-1.fc41.x86_64/lib/modules
7f970be8b000-7f970be9f000 r-xp 00000000 00:26 247565                     /usr/lib64/libnssutil3.so
7f970be9f000-7f970beb1000 r--p 00014000 00:26 247565                     /usr/lib64/libnssutil3.so
7f970beb1000-7f970beb8000 r--p 00026000 00:26 247565                     /usr/lib64/libnssutil3.so
7f970beb8000-7f970beb9000 rw-p 0002d000 00:26 247565                     /usr/lib64/libnssutil3.so
7f970beb9000-7f970bece000 rw-p 00000000 00:00 0 
7f970bece000-7f970c000000 ---p 00000000 00:00 0 
7f970c000000-7f970c2be000 rw-p 00000000 00:00 0 
7f970c2be000-7f9710000000 ---p 00000000 00:00 0 
7f9710012000-7f9710015000 r-xp 00000000 00:26 247378                     /usr/lib64/libplds4.so
7f9710015000-7f9710017000 r--p 00003000 00:26 247378                     /usr/lib64/libplds4.so
7f9710017000-7f9710018000 r--p 00004000 00:26 247378                     /usr/lib64/libplds4.so
7f9710018000-7f9710019000 rw-p 00005000 00:26 247378                     /usr/lib64/libplds4.so
7f9710019000-7f971001c000 r-xp 00000000 00:26 247377                     /usr/lib64/libplc4.so
7f971001c000-7f971001e000 r--p 00003000 00:26 247377                     /usr/lib64/libplc4.so
7f971001e000-7f971001f000 r--p 00004000 00:26 247377                     /usr/lib64/libplc4.so
7f971001f000-7f9710020000 rw-p 00005000 00:26 247377                     /usr/lib64/libplc4.so
7f971002a000-7f9710031000 r--s 00000000 00:26 232259                     /usr/lib64/gconv/gconv-modules.cache
7f9710031000-7f9710032000 r--p 00000000 00:26 207296                     /usr/lib/jansi/libjansi.so
7f9710032000-7f9710034000 r-xp 00001000 00:26 207296                     /usr/lib/jansi/libjansi.so
7f9710034000-7f9710035000 r--p 00003000 00:26 207296                     /usr/lib/jansi/libjansi.so
7f9710035000-7f9710036000 r--p 00003000 00:26 207296                     /usr/lib/jansi/libjansi.so
7f9710036000-7f9710037000 rw-p 00000000 00:00 0 
7f9710037000-7f9710039000 r--p 00000000 00:26 312694                     /usr/lib/jvm/java-21-openjdk-21.0.5.0.11-1.fc41.x86_64/lib/libzip.so
7f9710039000-7f971004b000 r-xp 00002000 00:26 312694                     /usr/lib/jvm/java-21-openjdk-21.0.5.0.11-1.fc41.x86_64/lib/libzip.so
7f971004b000-7f9710053000 r--p 00014000 00:26 312694                     /usr/lib/jvm/java-21-openjdk-21.0.5.0.11-1.fc41.x86_64/lib/libzip.so
7f9710053000-7f9710054000 r--p 0001b000 00:26 312694                     /usr/lib/jvm/java-21-openjdk-21.0.5.0.11-1.fc41.x86_64/lib/libzip.so
7f9710054000-7f9710055000 rw-p 00000000 00:00 0 
7f9710055000-7f9710058000 r--p 00000000 00:26 312685                     /usr/lib/jvm/java-21-openjdk-21.0.5.0.11-1.fc41.x86_64/lib/libnet.so
7f9710058000-7f9710060000 r-xp 00003000 00:26 312685                     /usr/lib/jvm/java-21-openjdk-21.0.5.0.11-1.fc41.x86_64/lib/libnet.so
7f9710060000-7f9710062000 r--p 0000b000 00:26 312685                     /usr/lib/jvm/java-21-openjdk-21.0.5.0.11-1.fc41.x86_64/lib/libnet.so
7f9710062000-7f9710063000 r--p 0000c000 00:26 312685                     /usr/lib/jvm/java-21-openjdk-21.0.5.0.11-1.fc41.x86_64/lib/libnet.so
7f9710063000-7f971014b000 rw-p 00000000 00:00 0 
7f971014b000-7f97101e3000 ---p 00000000 00:00 0 
7f97101e3000-7f97101f8000 rw-p 00000000 00:00 0 
7f97101f8000-7f971032a000 ---p 00000000 00:00 0 
7f971032a000-7f971032f000 rw-p 00000000 00:00 0 
7f971032f000-7f9710415000 ---p 00000000 00:00 0 
7f9710415000-7f971041a000 rw-p 00000000 00:00 0 
7f971041a000-7f9710500000 ---p 00000000 00:00 0 
7f9710500000-7f9710504000 ---p 00000000 00:00 0 
7f9710504000-7f9710600000 rw-p 00000000 00:00 0 
7f9710600000-7f97108a3000 r--p 00000000 00:26 312703                     /usr/lib/jvm/java-21-openjdk-21.0.5.0.11-1.fc41.x86_64/lib/server/libjvm.so
7f97108a3000-7f971176b000 r-xp 002a3000 00:26 312703                     /usr/lib/jvm/java-21-openjdk-21.0.5.0.11-1.fc41.x86_64/lib/server/libjvm.so
7f971176b000-7f9711a42000 r--p 0116b000 00:26 312703                     /usr/lib/jvm/java-21-openjdk-21.0.5.0.11-1.fc41.x86_64/lib/server/libjvm.so
7f9711a42000-7f9711b16000 r--p 01441000 00:26 312703                     /usr/lib/jvm/java-21-openjdk-21.0.5.0.11-1.fc41.x86_64/lib/server/libjvm.so
7f9711b16000-7f9711b46000 rw-p 01515000 00:26 312703                     /usr/lib/jvm/java-21-openjdk-21.0.5.0.11-1.fc41.x86_64/lib/server/libjvm.so
7f9711b46000-7f9711bac000 rw-p 00000000 00:00 0 
7f9711baf000-7f9711bb0000 r--p 00000000 00:26 312692                     /usr/lib/jvm/java-21-openjdk-21.0.5.0.11-1.fc41.x86_64/lib/libsystemconf.so
7f9711bb0000-7f9711bb1000 r-xp 00001000 00:26 312692                     /usr/lib/jvm/java-21-openjdk-21.0.5.0.11-1.fc41.x86_64/lib/libsystemconf.so
7f9711bb1000-7f9711bb2000 r--p 00002000 00:26 312692                     /usr/lib/jvm/java-21-openjdk-21.0.5.0.11-1.fc41.x86_64/lib/libsystemconf.so
7f9711bb2000-7f9711bb3000 r--p 00002000 00:26 312692                     /usr/lib/jvm/java-21-openjdk-21.0.5.0.11-1.fc41.x86_64/lib/libsystemconf.so
7f9711bb3000-7f9711bb4000 rw-p 00000000 00:00 0 
7f9711bb4000-7f9711bbb000 r--p 00000000 00:26 312686                     /usr/lib/jvm/java-21-openjdk-21.0.5.0.11-1.fc41.x86_64/lib/libnio.so
7f9711bbb000-7f9711bc5000 r-xp 00007000 00:26 312686                     /usr/lib/jvm/java-21-openjdk-21.0.5.0.11-1.fc41.x86_64/lib/libnio.so
7f9711bc5000-7f9711bc9000 r--p 00011000 00:26 312686                     /usr/lib/jvm/java-21-openjdk-21.0.5.0.11-1.fc41.x86_64/lib/libnio.so
7f9711bc9000-7f9711bca000 r--p 00015000 00:26 312686                     /usr/lib/jvm/java-21-openjdk-21.0.5.0.11-1.fc41.x86_64/lib/libnio.so
7f9711bca000-7f9711bcb000 rw-p 00016000 00:26 312686                     /usr/lib/jvm/java-21-openjdk-21.0.5.0.11-1.fc41.x86_64/lib/libnio.so
7f9711bcb000-7f9711c0c000 rw-p 00000000 00:00 0 
7f9711c0c000-7f9711c19000 r--p 00000000 00:26 312671                     /usr/lib/jvm/java-21-openjdk-21.0.5.0.11-1.fc41.x86_64/lib/libjava.so
7f9711c19000-7f9711c28000 r-xp 0000d000 00:26 312671                     /usr/lib/jvm/java-21-openjdk-21.0.5.0.11-1.fc41.x86_64/lib/libjava.so
7f9711c28000-7f9711c2d000 r--p 0001c000 00:26 312671                     /usr/lib/jvm/java-21-openjdk-21.0.5.0.11-1.fc41.x86_64/lib/libjava.so
7f9711c2d000-7f9711c2e000 r--p 00021000 00:26 312671                     /usr/lib/jvm/java-21-openjdk-21.0.5.0.11-1.fc41.x86_64/lib/libjava.so
7f9711c2e000-7f9711c2f000 rw-p 00022000 00:26 312671                     /usr/lib/jvm/java-21-openjdk-21.0.5.0.11-1.fc41.x86_64/lib/libjava.so
7f9711c2f000-7f9711c30000 rw-p 00000000 00:00 0 
7f9711c30000-7f9711c34000 r--p 00000000 00:26 312674                     /usr/lib/jvm/java-21-openjdk-21.0.5.0.11-1.fc41.x86_64/lib/libjimage.so
7f9711c34000-7f9711c4a000 r-xp 00004000 00:26 312674                     /usr/lib/jvm/java-21-openjdk-21.0.5.0.11-1.fc41.x86_64/lib/libjimage.so
7f9711c4a000-7f9711c50000 r--p 0001a000 00:26 312674                     /usr/lib/jvm/java-21-openjdk-21.0.5.0.11-1.fc41.x86_64/lib/libjimage.so
7f9711c50000-7f9711c52000 r--p 0001f000 00:26 312674                     /usr/lib/jvm/java-21-openjdk-21.0.5.0.11-1.fc41.x86_64/lib/libjimage.so
7f9711c52000-7f9711c53000 rw-p 00021000 00:26 312674                     /usr/lib/jvm/java-21-openjdk-21.0.5.0.11-1.fc41.x86_64/lib/libjimage.so
7f9711c53000-7f9711ccd000 r-xp 00000000 00:26 200824                     /usr/lib64/libm.so.6
7f9711ccd000-7f9711d37000 r--p 0007a000 00:26 200824                     /usr/lib64/libm.so.6
7f9711d37000-7f9711d38000 r--p 000e3000 00:26 200824                     /usr/lib64/libm.so.6
7f9711d38000-7f9711d39000 rw-p 000e4000 00:26 200824                     /usr/lib64/libm.so.6
7f9711d39000-7f9711d3c000 rw-p 00000000 00:00 0 
7f9711d3c000-7f9711eac000 r-xp 00000000 00:26 200822                     /usr/lib64/libc.so.6
7f9711eac000-7f9711f22000 r--p 00170000 00:26 200822                     /usr/lib64/libc.so.6
7f9711f22000-7f9711f26000 r--p 001e5000 00:26 200822                     /usr/lib64/libc.so.6
7f9711f26000-7f9711f28000 rw-p 001e9000 00:26 200822                     /usr/lib64/libc.so.6
7f9711f28000-7f9711f35000 rw-p 00000000 00:00 0 
7f9711f35000-7f9711f3c000 ---p 00000000 00:00 0 
7f9711f3c000-7f9711f44000 rw-s 00000000 00:31 250                        /tmp/hsperfdata_uta-dkl6681/16800
7f9711f44000-7f9711f45000 ---p 00000000 00:00 0 
7f9711f45000-7f9711f46000 r--p 00000000 00:00 0 
7f9711f46000-7f9711f47000 ---p 00000000 00:00 0 
7f9711f47000-7f9711f49000 r--p 00000000 00:26 312675                     /usr/lib/jvm/java-21-openjdk-21.0.5.0.11-1.fc41.x86_64/lib/libjli.so
7f9711f49000-7f9711f5a000 r-xp 00002000 00:26 312675                     /usr/lib/jvm/java-21-openjdk-21.0.5.0.11-1.fc41.x86_64/lib/libjli.so
7f9711f5a000-7f9711f61000 r--p 00013000 00:26 312675                     /usr/lib/jvm/java-21-openjdk-21.0.5.0.11-1.fc41.x86_64/lib/libjli.so
7f9711f61000-7f9711f62000 r--p 00019000 00:26 312675                     /usr/lib/jvm/java-21-openjdk-21.0.5.0.11-1.fc41.x86_64/lib/libjli.so
7f9711f62000-7f9711f63000 rw-p 0001a000 00:26 312675                     /usr/lib/jvm/java-21-openjdk-21.0.5.0.11-1.fc41.x86_64/lib/libjli.so
7f9711f63000-7f9711f65000 rw-p 00000000 00:00 0 
7f9711f65000-7f9711f69000 r--p 00000000 00:00 0                          [vvar]
7f9711f69000-7f9711f6b000 r-xp 00000000 00:00 0                          [vdso]
7f9711f6b000-7f9711f95000 r-xp 00000000 00:26 200819                     /usr/lib64/ld-linux-x86-64.so.2
7f9711f95000-7f9711fa0000 r--p 0002a000 00:26 200819                     /usr/lib64/ld-linux-x86-64.so.2
7f9711fa0000-7f9711fa2000 r--p 00035000 00:26 200819                     /usr/lib64/ld-linux-x86-64.so.2
7f9711fa2000-7f9711fa4000 rw-p 00037000 00:26 200819                     /usr/lib64/ld-linux-x86-64.so.2
7ffc01544000-7ffc01566000 rw-p 00000000 00:00 0                          [stack]
ffffffffff600000-ffffffffff601000 --xp 00000000 00:00 0                  [vsyscall]
Total number of mappings: 180


VM Arguments:
jvm_args: -Dclassworlds.conf=/usr/share/maven/bin/m2.conf -Dmaven.home=/usr/share/maven -Dlibrary.jansi.path=/usr/share/maven/lib/jansi-native -Dmaven.multiModuleProjectDirectory=/home/uta-dkl6681/Khang Lam/cse3310-sp25-003/checkers 
java_command: org.codehaus.plexus.classworlds.launcher.Launcher test
java_class_path (initial): /usr/share/maven/boot/plexus-classworlds-2.7.0.jar
Launcher Type: SUN_STANDARD

[Global flags]
     intx CICompilerCount                          = 2                                         {product} {ergonomic}
   size_t InitialHeapSize                          = 65011712                                  {product} {ergonomic}
   size_t MaxHeapSize                              = 1025507328                                {product} {ergonomic}
   size_t MaxNewSize                               = 341835776                                 {product} {ergonomic}
   size_t MinHeapDeltaBytes                        = 196608                                    {product} {ergonomic}
   size_t MinHeapSize                              = 8388608                                   {product} {ergonomic}
   size_t NewSize                                  = 21626880                                  {product} {ergonomic}
    uintx NonNMethodCodeHeapSize                   = 5826188                                {pd product} {ergonomic}
    uintx NonProfiledCodeHeapSize                  = 122916026                              {pd product} {ergonomic}
   size_t OldSize                                  = 43384832                                  {product} {ergonomic}
    uintx ProfiledCodeHeapSize                     = 122916026                              {pd product} {ergonomic}
    uintx ReservedCodeCacheSize                    = 251658240                              {pd product} {ergonomic}
     bool SegmentedCodeCache                       = true                                      {product} {ergonomic}
   size_t SoftMaxHeapSize                          = 1025507328                             {manageable} {ergonomic}
     bool UseCompressedOops                        = true                           {product lp64_product} {ergonomic}
     bool UseSerialGC                              = true                                      {product} {ergonomic}

Logging:
Log output configuration:
 #0: stdout all=warning uptime,level,tags foldmultilines=false
 #1: stderr all=off uptime,level,tags foldmultilines=false

Environment Variables:
JAVA_HOME=/usr/lib/jvm/jre-21-openjdk
PATH=/home/uta-dkl6681/.local/bin:/home/uta-dkl6681/bin:/usr/local/bin:/usr/local/sbin:/usr/bin:/usr/sbin
USERNAME=uta-dkl6681
SHELL=/bin/bash
DISPLAY=:0
LANG=en_US.UTF-8
TERM=xterm-256color

Active Locale:
LC_ALL=en_US.UTF-8
LC_COLLATE=en_US.UTF-8
LC_CTYPE=en_US.UTF-8
LC_MESSAGES=en_US.UTF-8
LC_MONETARY=en_US.UTF-8
LC_NUMERIC=en_US.UTF-8
LC_TIME=en_US.UTF-8

Signal Handlers:
   SIGSEGV: crash_handler in libjvm.so, mask=11100100010111111101111111111110, flags=SA_RESTART|SA_SIGINFO, unblocked
    SIGBUS: crash_handler in libjvm.so, mask=11100100010111111101111111111110, flags=SA_RESTART|SA_SIGINFO, unblocked
    SIGFPE: crash_handler in libjvm.so, mask=11100100010111111101111111111110, flags=SA_RESTART|SA_SIGINFO, unblocked
   SIGPIPE: SIG_IGN, mask=00000000000000000000000000000000, flags=none, blocked
  *** Handler was modified!
  *** Expected: javaSignalHandler in libjvm.so, mask=11100100110111111111111111111110, flags=SA_RESTART|SA_SIGINFO
   SIGXFSZ: javaSignalHandler in libjvm.so, mask=11100100010111111101111111111110, flags=SA_RESTART|SA_SIGINFO, blocked
    SIGILL: crash_handler in libjvm.so, mask=11100100010111111101111111111110, flags=SA_RESTART|SA_SIGINFO, unblocked
   SIGUSR2: SR_handler in libjvm.so, mask=00000000000000000000000000000000, flags=SA_RESTART|SA_SIGINFO, blocked
    SIGHUP: UserHandler in libjvm.so, mask=11100100010111111101111111111110, flags=SA_RESTART|SA_SIGINFO, blocked
    SIGINT: UserHandler in libjvm.so, mask=11100100010111111101111111111110, flags=SA_RESTART|SA_SIGINFO, blocked
   SIGTERM: UserHandler in libjvm.so, mask=11100100010111111101111111111110, flags=SA_RESTART|SA_SIGINFO, blocked
   SIGQUIT: UserHandler in libjvm.so, mask=11100100010111111101111111111110, flags=SA_RESTART|SA_SIGINFO, blocked
   SIGTRAP: crash_handler in libjvm.so, mask=11100100010111111101111111111110, flags=SA_RESTART|SA_SIGINFO, unblocked


Periodic native trim disabled

---------------  S Y S T E M  ---------------

OS:
Fedora release 41 (Forty One)
uname: Linux 6.12.9-200.fc41.x86_64 #1 SMP PREEMPT_DYNAMIC Thu Jan  9 16:05:40 UTC 2025 x86_64
OS uptime: 0 days 0:55 hours
libc: glibc 2.40 NPTL 2.40 
rlimit (soft/hard): STACK 8192k/infinity , CORE infinity/infinity , NPROC 15491/15491 , NOFILE 524288/524288 , AS infinity/infinity , CPU infinity/infinity , DATA infinity/infinity , FSIZE infinity/infinity , MEMLOCK 8192k/8192k
load average: 16.67 10.37 6.51

/proc/meminfo:
MemTotal:        3999376 kB
MemFree:          120692 kB
MemAvailable:     947044 kB
Buffers:             292 kB
Cached:          1067172 kB
SwapCached:         1404 kB
Active:          1485292 kB
Inactive:        1227308 kB
Active(anon):    1232424 kB
Inactive(anon):   470832 kB
Active(file):     252868 kB
Inactive(file):   756476 kB
Unevictable:        5772 kB
Mlocked:            5772 kB
SwapTotal:       3998716 kB
SwapFree:        1548092 kB
Zswap:                 0 kB
Zswapped:              0 kB
Dirty:              1944 kB
Writeback:             0 kB
AnonPages:       1649800 kB
Mapped:           488624 kB
Shmem:             53204 kB
KReclaimable:      43484 kB
Slab:             141152 kB
SReclaimable:      43484 kB
SUnreclaim:        97668 kB
KernelStack:       15040 kB
PageTables:        42244 kB
SecPageTables:         0 kB
NFS_Unstable:          0 kB
Bounce:                0 kB
WritebackTmp:          0 kB
CommitLimit:     5998404 kB
Committed_AS:   13570388 kB
VmallocTotal:   34359738367 kB
VmallocUsed:       52168 kB
VmallocChunk:          0 kB
Percpu:              744 kB
HardwareCorrupted:     0 kB
AnonHugePages:         0 kB
ShmemHugePages:        0 kB
ShmemPmdMapped:        0 kB
FileHugePages:         0 kB
FilePmdMapped:         0 kB
CmaTotal:              0 kB
CmaFree:               0 kB
Unaccepted:            0 kB
HugePages_Total:       0
HugePages_Free:        0
HugePages_Rsvd:        0
HugePages_Surp:        0
Hugepagesize:       2048 kB
Hugetlb:               0 kB
DirectMap4k:      116672 kB
DirectMap2M:     4077568 kB

/sys/kernel/mm/transparent_hugepage/enabled: always [madvise] never
/sys/kernel/mm/transparent_hugepage/hpage_pmd_size: 2097152
/sys/kernel/mm/transparent_hugepage/defrag (defrag/compaction efforts parameter): always defer defer+madvise [madvise] never

Process Memory:
Virtual Size: 3327200K (peak: 3379112K)
Resident Set Size: 52840K (peak: 52840K) (anon: 30208K, file: 22632K, shmem: 0K)
Swapped out: 0K
C-Heap outstanding allocations: 11494K, retained: 881K
glibc malloc tunables: (default)

/proc/sys/kernel/threads-max (system-wide limit on the number of threads): 30983
/proc/sys/vm/max_map_count (maximum number of memory map areas a process may have): 1048576
/proc/sys/vm/swappiness (control to define how aggressively the kernel swaps out anonymous memory): 60
/proc/sys/kernel/pid_max (system-wide limit on number of process identifiers): 4194304

container information not found.
KVM virtualization detected
Steal ticks since vm start: 0
Steal ticks percentage since vm start:  0.000

CPU: total 1 (initial active 1) (1 cores per cpu, 1 threads per core) family 6 model 183 stepping 1 microcode 0xffffffff, cx8, cmov, fxsr, mmx, 3dnowpref, sse, sse2, sse3, ssse3, sse4.1, sse4.2, popcnt, lzcnt, tsc, tscinvbit, aes, clmul, bmi1, bmi2, adx, sha, clflush, clflushopt, hv, rdtscp
CPU Model and flags from /proc/cpuinfo:
model name	: Intel(R) Core(TM) i9-14900KF
flags		: fpu vme de pse tsc msr pae mce cx8 apic sep mtrr pge mca cmov pat pse36 clflush mmx fxsr sse sse2 ht syscall nx rdtscp lm constant_tsc rep_good nopl xtopology nonstop_tsc cpuid tsc_known_freq pni pclmulqdq ssse3 cx16 sse4_1 sse4_2 movbe popcnt aes rdrand hypervisor lahf_lm abm 3dnowprefetch ibrs_enhanced fsgsbase bmi1 bmi2 invpcid rdseed adx clflushopt sha_ni arat md_clear flush_l1d arch_capabilities

Online cpus: 0
Offline cpus: 
BIOS frequency limitation: <Not Available>
Frequency switch latency (ns): <Not Available>
Available cpu frequencies: <Not Available>
Current governor: <Not Available>
Core performance/turbo boost: <Not Available>

Memory: 4k page, physical 3999376k(947044k free), swap 3998716k(1548092k free)
Page Sizes: 4k

vm_info: OpenJDK 64-Bit Server VM (21.0.5+11) for linux-amd64 JRE (21.0.5+11), built on 2024-10-18T00:00:00Z by "mockbuild" with gcc 13.3.1 20240913 (Red Hat 13.3.1-3)

END.
